KCPSM6 Assembler log file for program 'C:\Users\cob\Documents\My Dropbox\541-SoC\project\project2\picoblazeExample\hdl_psm\sim\math.psm'.
Generated by KCPSM6 version v2.00
Ken Chapman - Xilinx Ltd - 30th April 2012

Assembly datestamp: 20 Oct 2012
Assembly timestamp: 16:45:16

Contents
  Assembly listing
  List of PSM files
  List of CONSTANTs
  List of TABLEs
  List of STRINGs
  List of line labels


Last occupied address: 011 hex
Nominal program memory size: 1K    address(9:0)


Assembly listing

 Addr Code          Instruction

 000          main: 
 000  01E09         LOAD sE, 09
 001  01D09         LOAD sD, 09
 002  20004         CALL 004[div8u]
 003  22000         JUMP 000[main]
 004                ;***************************************************************************
 004                ;*
 004                ;* "div8u" - 8/8 Bit Unsigned Division
 004                ;*
 004                ;* This subroutine divides the two register variables "dd8u" (dividend) and
 004                ;* "dv8u" (divisor).
 004                ;*
 004                ;* The result is placed in "dres8u" and the remainder in "drem8u".
 004                ;*
 004                ;* NOTE: CHECK IF DIVISOR IS ZERO BEFORE CALLING THIS ROUTINE
 004                ;*
 004                ;***************************************************************************
 004                ;***** Subroutine Register Variables
 004                ;CONSTANT    drem8u,    sF        ;remainder
 004                ;CONSTANT    dres8u,    sE        ;result
 004                ;CONSTANT    dd8u,      sE        ;dividend
 004                ;CONSTANT    dv8u,      sD        ;divisor
 004                ;CONSTANT    dcnt8u,    sC        ;loop counter
 004                ;***** Code
 004         div8u: 
 004  18FF0         SUB sF, sF          ;clear remainder and carry
 005  01C09         LOAD sC, 09         ;init loop counter
 006         d8u_1: 
 006  14E00         SLA sE              ;shift left dividend, C->BIT0, BIT7->C
 007  19C01         SUB sC, 01          ;decrement counter
 008  3600A         JUMP NZ, 00A[d8u_2] ;if done
 009  25000         RETURN              ;return
 00A         d8u_2: 
 00A  14F00         SLA sF              ;shift dividend into remainder
 00B  18FD0         SUB sF, sD          ;remainder = remainder - divisor
 00C  3E010         JUMP NC, 010[d8u_3] ;if result negative
 00D  10FD0         ADD sF, sD          ;restore remainder
 00E  03FFF         AND sF, FF          ;clear carry to be shifted into result, notice this will not effect current Z flag
 00F  22006         JUMP 006[d8u_1]     ;else
 010         d8u_3: 
 010  1DFFF         COMPARE sF, FF      ;set carry to be shifted into result
 011  22006         JUMP 006[d8u_1]



List of PSM files that have been assembled

C:\Users\cob\Documents\My Dropbox\541-SoC\project\project2\picoblazeExample\hdl_psm\sim\math.psm



List of defined constants

 CONSTANT name     Value        Source PSM File

 timestamp_hours   16'd         
 timestamp_minutes 45'd         
 timestamp_seconds 16'd         
 datestamp_year    12'd         
 datestamp_month   10'd         
 datestamp_day     20'd         



No TABLEs defined



List of text strings

 STRING name       String         Source PSM File

 KCPSM6_version$   "v2.00"        
 datestamp$        "20 Oct 2012"  
 timestamp$        "16:45:16"     



List of line labels

 Label    Addr  Source PSM File

 main     000   math.psm
 div8u    004   math.psm
 d8u_1    006   math.psm
 d8u_2    00A   math.psm
 d8u_3    010   math.psm



End of KCPSM6 log file.
